Doodle_Jump_V3.2/app/build/outputs/logs/manifest-merger-debug-report.txt
-- Merging decision tree log ---
manifest
ADDED from src\main\AndroidManifest.xml:2:1-52:12
	xmlns:android
		ADDED from src\main\AndroidManifest.xml:2:11-69
	package
		ADDED from src\main\AndroidManifest.xml:2:70-90
		INJECTED from src\main\AndroidManifest.xml
		INJECTED from src\main\AndroidManifest.xml
	android:versionName
		ADDED from src\main\AndroidManifest.xml:4:5-30
	android:versionCode
		ADDED from src\main\AndroidManifest.xml:3:5-28
		INJECTED from src\main\AndroidManifest.xml
		INJECTED from src\main\AndroidManifest.xml
application
ADDED from src\main\AndroidManifest.xml:6:5-45:19
	android:label
		ADDED from src\main\AndroidManifest.xml:8:9-41
	android:icon
		ADDED from src\main\AndroidManifest.xml:7:9-45
activity#com.ginray.DoodleJumpActivity
ADDED from src\main\AndroidManifest.xml:9:9-19:20
	android:label
		ADDED from src\main\AndroidManifest.xml:12:13-45
	android:configChanges
		ADDED from src\main\AndroidManifest.xml:13:13-63
	android:theme
		ADDED from src\main\AndroidManifest.xml:10:13-51
	android:name
		ADDED from src\main\AndroidManifest.xml:11:13-47
intent-filter#android.intent.action.MAIN+android.intent.category.LAUNCHER
ADDED from src\main\AndroidManifest.xml:14:13-18:29
action#android.intent.action.MAIN
ADDED from src\main\AndroidManifest.xml:15:17-69
	android:name
		ADDED from src\main\AndroidManifest.xml:15:25-66
category#android.intent.category.LAUNCHER
ADDED from src\main\AndroidManifest.xml:17:17-77
	android:name
		ADDED from src\main\AndroidManifest.xml:17:27-74
activity#com.ginray.mainActivity
ADDED from src\main\AndroidManifest.xml:21:9-24:20
	android:configChanges
		ADDED from src\main\AndroidManifest.xml:23:13-63
	android:name
		ADDED from src\main\AndroidManifest.xml:22:13-41
activity#com.ginray.CircleShowStore
ADDED from src\main\AndroidManifest.xml:25:9-28:20
	android:configChanges
		ADDED from src\main\AndroidManifest.xml:27:13-63
	android:name
		ADDED from src\main\AndroidManifest.xml:26:13-44
activity#com.ginray.ShowstoreActivity
ADDED from src\main\AndroidManifest.xml:29:9-32:20
	android:configChanges
		ADDED from src\main\AndroidManifest.xml:31:13-63
	android:name
		ADDED from src\main\AndroidManifest.xml:30:13-46
activity#com.ginray.Gameover
ADDED from src\main\AndroidManifest.xml:33:9-36:20
	android:configChanges
		ADDED from src\main\AndroidManifest.xml:35:13-63
	android:name
		ADDED from src\main\AndroidManifest.xml:34:13-37
activity#com.ginray.IntroduceActivity
ADDED from src\main\AndroidManifest.xml:37:9-40:20
	android:configChanges
		ADDED from src\main\AndroidManifest.xml:39:13-63
	android:name
		ADDED from src\main\AndroidManifest.xml:38:13-46
activity#com.ginray.SettingsActivity
ADDED from src\main\AndroidManifest.xml:41:9-44:20
	android:configChanges
		ADDED from src\main\AndroidManifest.xml:43:13-63
	android:name
		ADDED from src\main\AndroidManifest.xml:42:13-45
uses-sdk
ADDED from src\main\AndroidManifest.xml:47:5-42
	android:targetSdkVersion
		INJECTED from src\main\AndroidManifest.xml
		INJECTED from src\main\AndroidManifest.xml
	android:minSdkVersion
		ADDED from src\main\AndroidManifest.xml:47:15-40
		INJECTED from src\main\AndroidManifest.xml
		INJECTED from src\main\AndroidManifest.xml
uses-permission#android.permission.VIBRATE
ADDED from src\main\AndroidManifest.xml:48:2-79
	android:name
		ADDED from src\main\AndroidManifest.xml:48:19-60
uses-permission#android.permission.READ_PHONE_STATE
ADDED from src\main\AndroidManifest.xml:49:2-88
	android:name
		ADDED from src\main\AndroidManifest.xml:49:19-69
uses-permission#android.permission.INTERNET
ADDED from src\main\AndroidManifest.xml:51:2-64
	android:name
		ADDED from src\main\AndroidManifest.xml:51:19-61